10:35:19.413 [INFO] [org.gradle.launcher.daemon.server.Daemon] start() called on daemon - DefaultDaemonContext[uid=803a422c-afcc-4a6f-bca1-992b70f0a7da,javaHome=D:\Program Files\Android\Android Studio\jre,daemonRegistryDir=C:\Users\prac1\Downloads\SimpleAndroidWebViewExample-master\gradle\daemon,pid=1516,idleTimeout=10800000,daemonOpts=-XX:MaxPermSize=256m,-XX:+HeapDumpOnOutOfMemoryError,-Xmx1024m,-Dfile.encoding=windows-1251,-Duser.country=RU,-Duser.language=ru,-Duser.variant]
10:35:19.428 [DEBUG] [org.gradle.launcher.daemon.server.DaemonStateCoordinator] updating lastActivityAt to 1541406919428
10:35:19.642 [DEBUG] [org.gradle.messaging.remote.internal.inet.InetAddressFactory] Adding IP addresses for network interface Software Loopback Interface 1
10:35:19.647 [DEBUG] [org.gradle.messaging.remote.internal.inet.InetAddressFactory] Is this a loopback interface? true
10:35:19.652 [DEBUG] [org.gradle.messaging.remote.internal.inet.InetAddressFactory] Is this a multicast interface? true
10:35:19.653 [DEBUG] [org.gradle.messaging.remote.internal.inet.InetAddressFactory] Adding loopback address /127.0.0.1
10:35:19.654 [DEBUG] [org.gradle.messaging.remote.internal.inet.InetAddressFactory] Adding loopback address /0:0:0:0:0:0:0:1
10:35:19.655 [DEBUG] [org.gradle.messaging.remote.internal.inet.InetAddressFactory] Adding loopback multicast interface Software Loopback Interface 1
10:35:19.656 [DEBUG] [org.gradle.messaging.remote.internal.inet.InetAddressFactory] Adding IP addresses for network interface Remote NDIS based Internet Sharing Device #2
10:35:19.662 [DEBUG] [org.gradle.messaging.remote.internal.inet.InetAddressFactory] Is this a loopback interface? false
10:35:19.665 [DEBUG] [org.gradle.messaging.remote.internal.inet.InetAddressFactory] Is this a multicast interface? true
10:35:19.666 [DEBUG] [org.gradle.messaging.remote.internal.inet.InetAddressFactory] Adding loopback multicast interface Remote NDIS based Internet Sharing Device #2
10:35:19.667 [DEBUG] [org.gradle.messaging.remote.internal.inet.InetAddressFactory] Adding IP addresses for network interface Microsoft 6to4 Adapter
10:35:19.673 [DEBUG] [org.gradle.messaging.remote.internal.inet.InetAddressFactory] Is this a loopback interface? false
10:35:19.680 [DEBUG] [org.gradle.messaging.remote.internal.inet.InetAddressFactory] Is this a multicast interface? true
10:35:19.681 [DEBUG] [org.gradle.messaging.remote.internal.inet.InetAddressFactory] Adding loopback multicast interface Microsoft 6to4 Adapter
10:35:19.682 [DEBUG] [org.gradle.messaging.remote.internal.inet.InetAddressFactory] Adding IP addresses for network interface Remote NDIS based Internet Sharing Device #3
10:35:19.687 [DEBUG] [org.gradle.messaging.remote.internal.inet.InetAddressFactory] Is this a loopback interface? false
10:35:19.692 [DEBUG] [org.gradle.messaging.remote.internal.inet.InetAddressFactory] Is this a multicast interface? true
10:35:19.693 [DEBUG] [org.gradle.messaging.remote.internal.inet.InetAddressFactory] Adding loopback multicast interface Remote NDIS based Internet Sharing Device #3
10:35:19.694 [DEBUG] [org.gradle.messaging.remote.internal.inet.InetAddressFactory] Adding IP addresses for network interface BlackBerry Tethering Device
10:35:19.698 [DEBUG] [org.gradle.messaging.remote.internal.inet.InetAddressFactory] Is this a loopback interface? false
10:35:19.703 [DEBUG] [org.gradle.messaging.remote.internal.inet.InetAddressFactory] Is this a multicast interface? true
10:35:19.703 [DEBUG] [org.gradle.messaging.remote.internal.inet.InetAddressFactory] Adding loopback multicast interface BlackBerry Tethering Device
10:35:19.704 [DEBUG] [org.gradle.messaging.remote.internal.inet.InetAddressFactory] Adding IP addresses for network interface WAN Miniport (PPTP)
10:35:19.710 [DEBUG] [org.gradle.messaging.remote.internal.inet.InetAddressFactory] Is this a loopback interface? false
10:35:19.715 [DEBUG] [org.gradle.messaging.remote.internal.inet.InetAddressFactory] Is this a multicast interface? true
10:35:19.715 [DEBUG] [org.gradle.messaging.remote.internal.inet.InetAddressFactory] Adding loopback multicast interface WAN Miniport (PPTP)
10:35:19.716 [DEBUG] [org.gradle.messaging.remote.internal.inet.InetAddressFactory] Adding IP addresses for network interface Intel(R) Wireless-N 7260
10:35:19.721 [DEBUG] [org.gradle.messaging.remote.internal.inet.InetAddressFactory] Is this a loopback interface? false
10:35:19.726 [DEBUG] [org.gradle.messaging.remote.internal.inet.InetAddressFactory] Is this a multicast interface? true
10:35:19.727 [DEBUG] [org.gradle.messaging.remote.internal.inet.InetAddressFactory] Adding remote address /192.168.88.139
10:35:19.728 [DEBUG] [org.gradle.messaging.remote.internal.inet.InetAddressFactory] Adding remote address /fe80:0:0:0:4870:fdb5:8259:8ae5%wlan0
10:35:19.728 [DEBUG] [org.gradle.messaging.remote.internal.inet.InetAddressFactory] Adding remote multicast interface Intel(R) Wireless-N 7260
10:35:19.729 [DEBUG] [org.gradle.messaging.remote.internal.inet.InetAddressFactory] Adding IP addresses for network interface Bluetooth Device (RFCOMM Protocol TDI)
10:35:19.734 [DEBUG] [org.gradle.messaging.remote.internal.inet.InetAddressFactory] Is this a loopback interface? false
10:35:19.740 [DEBUG] [org.gradle.messaging.remote.internal.inet.InetAddressFactory] Is this a multicast interface? true
10:35:19.741 [DEBUG] [org.gradle.messaging.remote.internal.inet.InetAddressFactory] Adding loopback multicast interface Bluetooth Device (RFCOMM Protocol TDI)
10:35:19.741 [DEBUG] [org.gradle.messaging.remote.internal.inet.InetAddressFactory] Adding IP addresses for network interface Microsoft IP-HTTPS Platform Adapter
10:35:19.745 [DEBUG] [org.gradle.messaging.remote.internal.inet.InetAddressFactory] Is this a loopback interface? false
10:35:19.758 [DEBUG] [org.gradle.messaging.remote.internal.inet.InetAddressFactory] Is this a multicast interface? true
10:35:19.759 [DEBUG] [org.gradle.messaging.remote.internal.inet.InetAddressFactory] Adding loopback multicast interface Microsoft IP-HTTPS Platform Adapter
10:35:19.759 [DEBUG] [org.gradle.messaging.remote.internal.inet.InetAddressFactory] Adding IP addresses for network interface WAN Miniport (IPv6)
10:35:19.768 [DEBUG] [org.gradle.messaging.remote.internal.inet.InetAddressFactory] Is this a loopback interface? false
10:35:19.777 [DEBUG] [org.gradle.messaging.remote.internal.inet.InetAddressFactory] Is this a multicast interface? true
10:35:19.778 [DEBUG] [org.gradle.messaging.remote.internal.inet.InetAddressFactory] Adding loopback multicast interface WAN Miniport (IPv6)
10:35:19.778 [DEBUG] [org.gradle.messaging.remote.internal.inet.InetAddressFactory] Adding IP addresses for network interface Remote NDIS based Internet Sharing Device
10:35:19.786 [DEBUG] [org.gradle.messaging.remote.internal.inet.InetAddressFactory] Is this a loopback interface? false
10:35:19.792 [DEBUG] [org.gradle.messaging.remote.internal.inet.InetAddressFactory] Is this a multicast interface? true
10:35:19.793 [DEBUG] [org.gradle.messaging.remote.internal.inet.InetAddressFactory] Adding loopback multicast interface Remote NDIS based Internet Sharing Device
10:35:19.794 [DEBUG] [org.gradle.messaging.remote.internal.inet.InetAddressFactory] Adding IP addresses for network interface WAN Miniport (IKEv2)
10:35:19.801 [DEBUG] [org.gradle.messaging.remote.internal.inet.InetAddressFactory] Is this a loopback interface? false
10:35:19.808 [DEBUG] [org.gradle.messaging.remote.internal.inet.InetAddressFactory] Is this a multicast interface? true
10:35:19.808 [DEBUG] [org.gradle.messaging.remote.internal.inet.InetAddressFactory] Adding loopback multicast interface WAN Miniport (IKEv2)
10:35:19.809 [DEBUG] [org.gradle.messaging.remote.internal.inet.InetAddressFactory] Adding IP addresses for network interface Bluetooth Device (Personal Area Network) #2
10:35:19.815 [DEBUG] [org.gradle.messaging.remote.internal.inet.InetAddressFactory] Is this a loopback interface? false
10:35:19.821 [DEBUG] [org.gradle.messaging.remote.internal.inet.InetAddressFactory] Is this a multicast interface? true
10:35:19.822 [DEBUG] [org.gradle.messaging.remote.internal.inet.InetAddressFactory] Adding remote address /fe80:0:0:0:fca0:40f4:179b:93ae%eth5
10:35:19.822 [DEBUG] [org.gradle.messaging.remote.internal.inet.InetAddressFactory] Adding remote multicast interface Bluetooth Device (Personal Area Network) #2
10:35:19.823 [DEBUG] [org.gradle.messaging.remote.internal.inet.InetAddressFactory] Adding IP addresses for network interface WAN Miniport (L2TP)
10:35:19.829 [DEBUG] [org.gradle.messaging.remote.internal.inet.InetAddressFactory] Is this a loopback interface? false
10:35:19.835 [DEBUG] [org.gradle.messaging.remote.internal.inet.InetAddressFactory] Is this a multicast interface? true
10:35:19.835 [DEBUG] [org.gradle.messaging.remote.internal.inet.InetAddressFactory] Adding loopback multicast interface WAN Miniport (L2TP)
10:35:19.836 [DEBUG] [org.gradle.messaging.remote.internal.inet.InetAddressFactory] Adding IP addresses for network interface Microsoft Wi-Fi Direct Virtual Adapter #2
10:35:19.845 [DEBUG] [org.gradle.messaging.remote.internal.inet.InetAddressFactory] Is this a loopback interface? false
10:35:19.850 [DEBUG] [org.gradle.messaging.remote.internal.inet.InetAddressFactory] Is this a multicast interface? true
10:35:19.850 [DEBUG] [org.gradle.messaging.remote.internal.inet.InetAddressFactory] Adding remote address /fe80:0:0:0:c576:cfeb:dfee:3b7d%wlan1
10:35:19.851 [DEBUG] [org.gradle.messaging.remote.internal.inet.InetAddressFactory] Adding remote multicast interface Microsoft Wi-Fi Direct Virtual Adapter #2
10:35:19.851 [DEBUG] [org.gradle.messaging.remote.internal.inet.InetAddressFactory] Adding IP addresses for network interface Microsoft Kernel Debug Network Adapter
10:35:19.857 [DEBUG] [org.gradle.messaging.remote.internal.inet.InetAddressFactory] Is this a loopback interface? false
10:35:19.863 [DEBUG] [org.gradle.messaging.remote.internal.inet.InetAddressFactory] Is this a multicast interface? true
10:35:19.864 [DEBUG] [org.gradle.messaging.remote.internal.inet.InetAddressFactory] Adding loopback multicast interface Microsoft Kernel Debug Network Adapter
10:35:19.864 [DEBUG] [org.gradle.messaging.remote.internal.inet.InetAddressFactory] Adding IP addresses for network interface Microsoft Teredo Tunneling Adapter
10:35:19.868 [DEBUG] [org.gradle.messaging.remote.internal.inet.InetAddressFactory] Is this a loopback interface? false
10:35:19.873 [DEBUG] [org.gradle.messaging.remote.internal.inet.InetAddressFactory] Is this a multicast interface? true
10:35:19.874 [DEBUG] [org.gradle.messaging.remote.internal.inet.InetAddressFactory] Adding loopback multicast interface Microsoft Teredo Tunneling Adapter
10:35:19.874 [DEBUG] [org.gradle.messaging.remote.internal.inet.InetAddressFactory] Adding IP addresses for network interface WAN Miniport (Network Monitor)
10:35:19.879 [DEBUG] [org.gradle.messaging.remote.internal.inet.InetAddressFactory] Is this a loopback interface? false
10:35:19.885 [DEBUG] [org.gradle.messaging.remote.internal.inet.InetAddressFactory] Is this a multicast interface? true
10:35:19.886 [DEBUG] [org.gradle.messaging.remote.internal.inet.InetAddressFactory] Adding loopback multicast interface WAN Miniport (Network Monitor)
10:35:19.886 [DEBUG] [org.gradle.messaging.remote.internal.inet.InetAddressFactory] Adding IP addresses for network interface WAN Miniport (SSTP)
10:35:19.892 [DEBUG] [org.gradle.messaging.remote.internal.inet.InetAddressFactory] Is this a loopback interface? false
10:35:19.897 [DEBUG] [org.gradle.messaging.remote.internal.inet.InetAddressFactory] Is this a multicast interface? true
10:35:19.897 [DEBUG] [org.gradle.messaging.remote.internal.inet.InetAddressFactory] Adding loopback multicast interface WAN Miniport (SSTP)
10:35:19.897 [DEBUG] [org.gradle.messaging.remote.internal.inet.InetAddressFactory] Adding IP addresses for network interface WAN Miniport (IP)
10:35:19.902 [DEBUG] [org.gradle.messaging.remote.internal.inet.InetAddressFactory] Is this a loopback interface? false
10:35:19.907 [DEBUG] [org.gradle.messaging.remote.internal.inet.InetAddressFactory] Is this a multicast interface? true
10:35:19.907 [DEBUG] [org.gradle.messaging.remote.internal.inet.InetAddressFactory] Adding loopback multicast interface WAN Miniport (IP)
10:35:19.907 [DEBUG] [org.gradle.messaging.remote.internal.inet.InetAddressFactory] Adding IP addresses for network interface BlackBerry Device
10:35:19.911 [DEBUG] [org.gradle.messaging.remote.internal.inet.InetAddressFactory] Is this a loopback interface? false
10:35:19.916 [DEBUG] [org.gradle.messaging.remote.internal.inet.InetAddressFactory] Is this a multicast interface? true
10:35:19.916 [DEBUG] [org.gradle.messaging.remote.internal.inet.InetAddressFactory] Adding loopback multicast interface BlackBerry Device
10:35:19.916 [DEBUG] [org.gradle.messaging.remote.internal.inet.InetAddressFactory] Adding IP addresses for network interface WAN Miniport (PPPOE)
10:35:19.922 [DEBUG] [org.gradle.messaging.remote.internal.inet.InetAddressFactory] Is this a loopback interface? false
10:35:19.930 [DEBUG] [org.gradle.messaging.remote.internal.inet.InetAddressFactory] Is this a multicast interface? true
10:35:19.930 [DEBUG] [org.gradle.messaging.remote.internal.inet.InetAddressFactory] Adding loopback multicast interface WAN Miniport (PPPOE)
10:35:19.931 [DEBUG] [org.gradle.messaging.remote.internal.inet.InetAddressFactory] Adding IP addresses for network interface Microsoft Wi-Fi Direct Virtual Adapter
10:35:19.937 [DEBUG] [org.gradle.messaging.remote.internal.inet.InetAddressFactory] Is this a loopback interface? false
10:35:19.942 [DEBUG] [org.gradle.messaging.remote.internal.inet.InetAddressFactory] Is this a multicast interface? true
10:35:19.943 [DEBUG] [org.gradle.messaging.remote.internal.inet.InetAddressFactory] Adding remote address /fe80:0:0:0:c8c1:9466:daa3:378d%wlan2
10:35:19.943 [DEBUG] [org.gradle.messaging.remote.internal.inet.InetAddressFactory] Adding remote multicast interface Microsoft Wi-Fi Direct Virtual Adapter
10:35:19.943 [DEBUG] [org.gradle.messaging.remote.internal.inet.InetAddressFactory] Adding IP addresses for network interface Bluetooth Device (Personal Area Network)
10:35:19.948 [DEBUG] [org.gradle.messaging.remote.internal.inet.InetAddressFactory] Is this a loopback interface? false
10:35:19.953 [DEBUG] [org.gradle.messaging.remote.internal.inet.InetAddressFactory] Is this a multicast interface? true
10:35:19.953 [DEBUG] [org.gradle.messaging.remote.internal.inet.InetAddressFactory] Adding loopback multicast interface Bluetooth Device (Personal Area Network)
10:35:19.954 [DEBUG] [org.gradle.messaging.remote.internal.inet.InetAddressFactory] Adding IP addresses for network interface Realtek PCIe GBE Family Controller
10:35:19.958 [DEBUG] [org.gradle.messaging.remote.internal.inet.InetAddressFactory] Is this a loopback interface? false
10:35:19.963 [DEBUG] [org.gradle.messaging.remote.internal.inet.InetAddressFactory] Is this a multicast interface? true
10:35:19.963 [DEBUG] [org.gradle.messaging.remote.internal.inet.InetAddressFactory] Adding loopback multicast interface Realtek PCIe GBE Family Controller
10:35:19.964 [DEBUG] [org.gradle.messaging.remote.internal.inet.InetAddressFactory] Adding IP addresses for network interface Realtek PCIe GBE Family Controller-WFP Native MAC Layer LightWeight Filter-0000
10:35:19.968 [DEBUG] [org.gradle.messaging.remote.internal.inet.InetAddressFactory] Is this a loopback interface? false
10:35:19.974 [DEBUG] [org.gradle.messaging.remote.internal.inet.InetAddressFactory] Is this a multicast interface? true
10:35:19.975 [DEBUG] [org.gradle.messaging.remote.internal.inet.InetAddressFactory] Adding loopback multicast interface Realtek PCIe GBE Family Controller-WFP Native MAC Layer LightWeight Filter-0000
10:35:19.975 [DEBUG] [org.gradle.messaging.remote.internal.inet.InetAddressFactory] Adding IP addresses for network interface Realtek PCIe GBE Family Controller-QoS Packet Scheduler-0000
10:35:19.980 [DEBUG] [org.gradle.messaging.remote.internal.inet.InetAddressFactory] Is this a loopback interface? false
10:35:19.985 [DEBUG] [org.gradle.messaging.remote.internal.inet.InetAddressFactory] Is this a multicast interface? true
10:35:19.986 [DEBUG] [org.gradle.messaging.remote.internal.inet.InetAddressFactory] Adding loopback multicast interface Realtek PCIe GBE Family Controller-QoS Packet Scheduler-0000
10:35:19.986 [DEBUG] [org.gradle.messaging.remote.internal.inet.InetAddressFactory] Adding IP addresses for network interface Realtek PCIe GBE Family Controller-WFP 802.3 MAC Layer LightWeight Filter-0000
10:35:19.991 [DEBUG] [org.gradle.messaging.remote.internal.inet.InetAddressFactory] Is this a loopback interface? false
10:35:19.995 [DEBUG] [org.gradle.messaging.remote.internal.inet.InetAddressFactory] Is this a multicast interface? true
10:35:19.996 [DEBUG] [org.gradle.messaging.remote.internal.inet.InetAddressFactory] Adding loopback multicast interface Realtek PCIe GBE Family Controller-WFP 802.3 MAC Layer LightWeight Filter-0000
10:35:19.996 [DEBUG] [org.gradle.messaging.remote.internal.inet.InetAddressFactory] Adding IP addresses for network interface Intel(R) Wireless-N 7260-WFP Native MAC Layer LightWeight Filter-0000
10:35:20.003 [DEBUG] [org.gradle.messaging.remote.internal.inet.InetAddressFactory] Is this a loopback interface? false
10:35:20.008 [DEBUG] [org.gradle.messaging.remote.internal.inet.InetAddressFactory] Is this a multicast interface? true
10:35:20.009 [DEBUG] [org.gradle.messaging.remote.internal.inet.InetAddressFactory] Adding loopback multicast interface Intel(R) Wireless-N 7260-WFP Native MAC Layer LightWeight Filter-0000
10:35:20.009 [DEBUG] [org.gradle.messaging.remote.internal.inet.InetAddressFactory] Adding IP addresses for network interface Intel(R) Wireless-N 7260-Virtual WiFi Filter Driver-0000
10:35:20.015 [DEBUG] [org.gradle.messaging.remote.internal.inet.InetAddressFactory] Is this a loopback interface? false
10:35:20.022 [DEBUG] [org.gradle.messaging.remote.internal.inet.InetAddressFactory] Is this a multicast interface? true
10:35:20.023 [DEBUG] [org.gradle.messaging.remote.internal.inet.InetAddressFactory] Adding loopback multicast interface Intel(R) Wireless-N 7260-Virtual WiFi Filter Driver-0000
10:35:20.023 [DEBUG] [org.gradle.messaging.remote.internal.inet.InetAddressFactory] Adding IP addresses for network interface Intel(R) Wireless-N 7260-Native WiFi Filter Driver-0000
10:35:20.028 [DEBUG] [org.gradle.messaging.remote.internal.inet.InetAddressFactory] Is this a loopback interface? false
10:35:20.033 [DEBUG] [org.gradle.messaging.remote.internal.inet.InetAddressFactory] Is this a multicast interface? true
10:35:20.033 [DEBUG] [org.gradle.messaging.remote.internal.inet.InetAddressFactory] Adding loopback multicast interface Intel(R) Wireless-N 7260-Native WiFi Filter Driver-0000
10:35:20.033 [DEBUG] [org.gradle.messaging.remote.internal.inet.InetAddressFactory] Adding IP addresses for network interface Intel(R) Wireless-N 7260-QoS Packet Scheduler-0000
10:35:20.039 [DEBUG] [org.gradle.messaging.remote.internal.inet.InetAddressFactory] Is this a loopback interface? false
10:35:20.045 [DEBUG] [org.gradle.messaging.remote.internal.inet.InetAddressFactory] Is this a multicast interface? true
10:35:20.045 [DEBUG] [org.gradle.messaging.remote.internal.inet.InetAddressFactory] Adding loopback multicast interface Intel(R) Wireless-N 7260-QoS Packet Scheduler-0000
10:35:20.046 [DEBUG] [org.gradle.messaging.remote.internal.inet.InetAddressFactory] Adding IP addresses for network interface Intel(R) Wireless-N 7260-WFP 802.3 MAC Layer LightWeight Filter-0000
10:35:20.051 [DEBUG] [org.gradle.messaging.remote.internal.inet.InetAddressFactory] Is this a loopback interface? false
10:35:20.056 [DEBUG] [org.gradle.messaging.remote.internal.inet.InetAddressFactory] Is this a multicast interface? true
10:35:20.056 [DEBUG] [org.gradle.messaging.remote.internal.inet.InetAddressFactory] Adding loopback multicast interface Intel(R) Wireless-N 7260-WFP 802.3 MAC Layer LightWeight Filter-0000
10:35:20.057 [DEBUG] [org.gradle.messaging.remote.internal.inet.InetAddressFactory] Adding IP addresses for network interface Microsoft Wi-Fi Direct Virtual Adapter-WFP Native MAC Layer LightWeight Filter-0000
10:35:20.061 [DEBUG] [org.gradle.messaging.remote.internal.inet.InetAddressFactory] Is this a loopback interface? false
10:35:20.066 [DEBUG] [org.gradle.messaging.remote.internal.inet.InetAddressFactory] Is this a multicast interface? true
10:35:20.067 [DEBUG] [org.gradle.messaging.remote.internal.inet.InetAddressFactory] Adding loopback multicast interface Microsoft Wi-Fi Direct Virtual Adapter-WFP Native MAC Layer LightWeight Filter-0000
10:35:20.067 [DEBUG] [org.gradle.messaging.remote.internal.inet.InetAddressFactory] Adding IP addresses for network interface Microsoft Wi-Fi Direct Virtual Adapter-Native WiFi Filter Driver-0000
10:35:20.072 [DEBUG] [org.gradle.messaging.remote.internal.inet.InetAddressFactory] Is this a loopback interface? false
10:35:20.075 [DEBUG] [org.gradle.messaging.remote.internal.inet.InetAddressFactory] Is this a multicast interface? true
10:35:20.076 [DEBUG] [org.gradle.messaging.remote.internal.inet.InetAddressFactory] Adding loopback multicast interface Microsoft Wi-Fi Direct Virtual Adapter-Native WiFi Filter Driver-0000
10:35:20.076 [DEBUG] [org.gradle.messaging.remote.internal.inet.InetAddressFactory] Adding IP addresses for network interface Microsoft Wi-Fi Direct Virtual Adapter-QoS Packet Scheduler-0000
10:35:20.081 [DEBUG] [org.gradle.messaging.remote.internal.inet.InetAddressFactory] Is this a loopback interface? false
10:35:20.085 [DEBUG] [org.gradle.messaging.remote.internal.inet.InetAddressFactory] Is this a multicast interface? true
10:35:20.086 [DEBUG] [org.gradle.messaging.remote.internal.inet.InetAddressFactory] Adding loopback multicast interface Microsoft Wi-Fi Direct Virtual Adapter-QoS Packet Scheduler-0000
10:35:20.086 [DEBUG] [org.gradle.messaging.remote.internal.inet.InetAddressFactory] Adding IP addresses for network interface Microsoft Wi-Fi Direct Virtual Adapter-WFP 802.3 MAC Layer LightWeight Filter-0000
10:35:20.092 [DEBUG] [org.gradle.messaging.remote.internal.inet.InetAddressFactory] Is this a loopback interface? false
10:35:20.096 [DEBUG] [org.gradle.messaging.remote.internal.inet.InetAddressFactory] Is this a multicast interface? true
10:35:20.097 [DEBUG] [org.gradle.messaging.remote.internal.inet.InetAddressFactory] Adding loopback multicast interface Microsoft Wi-Fi Direct Virtual Adapter-WFP 802.3 MAC Layer LightWeight Filter-0000
10:35:20.097 [DEBUG] [org.gradle.messaging.remote.internal.inet.InetAddressFactory] Adding IP addresses for network interface Microsoft Wi-Fi Direct Virtual Adapter #2-WFP Native MAC Layer LightWeight Filter-0000
10:35:20.102 [DEBUG] [org.gradle.messaging.remote.internal.inet.InetAddressFactory] Is this a loopback interface? false
10:35:20.107 [DEBUG] [org.gradle.messaging.remote.internal.inet.InetAddressFactory] Is this a multicast interface? true
10:35:20.108 [DEBUG] [org.gradle.messaging.remote.internal.inet.InetAddressFactory] Adding loopback multicast interface Microsoft Wi-Fi Direct Virtual Adapter #2-WFP Native MAC Layer LightWeight Filter-0000
10:35:20.108 [DEBUG] [org.gradle.messaging.remote.internal.inet.InetAddressFactory] Adding IP addresses for network interface Microsoft Wi-Fi Direct Virtual Adapter #2-Native WiFi Filter Driver-0000
10:35:20.113 [DEBUG] [org.gradle.messaging.remote.internal.inet.InetAddressFactory] Is this a loopback interface? false
10:35:20.117 [DEBUG] [org.gradle.messaging.remote.internal.inet.InetAddressFactory] Is this a multicast interface? true
10:35:20.117 [DEBUG] [org.gradle.messaging.remote.internal.inet.InetAddressFactory] Adding loopback multicast interface Microsoft Wi-Fi Direct Virtual Adapter #2-Native WiFi Filter Driver-0000
10:35:20.117 [DEBUG] [org.gradle.messaging.remote.internal.inet.InetAddressFactory] Adding IP addresses for network interface Microsoft Wi-Fi Direct Virtual Adapter #2-QoS Packet Scheduler-0000
10:35:20.123 [DEBUG] [org.gradle.messaging.remote.internal.inet.InetAddressFactory] Is this a loopback interface? false
10:35:20.128 [DEBUG] [org.gradle.messaging.remote.internal.inet.InetAddressFactory] Is this a multicast interface? true
10:35:20.128 [DEBUG] [org.gradle.messaging.remote.internal.inet.InetAddressFactory] Adding loopback multicast interface Microsoft Wi-Fi Direct Virtual Adapter #2-QoS Packet Scheduler-0000
10:35:20.128 [DEBUG] [org.gradle.messaging.remote.internal.inet.InetAddressFactory] Adding IP addresses for network interface Microsoft Wi-Fi Direct Virtual Adapter #2-WFP 802.3 MAC Layer LightWeight Filter-0000
10:35:20.134 [DEBUG] [org.gradle.messaging.remote.internal.inet.InetAddressFactory] Is this a loopback interface? false
10:35:20.139 [DEBUG] [org.gradle.messaging.remote.internal.inet.InetAddressFactory] Is this a multicast interface? true
10:35:20.139 [DEBUG] [org.gradle.messaging.remote.internal.inet.InetAddressFactory] Adding loopback multicast interface Microsoft Wi-Fi Direct Virtual Adapter #2-WFP 802.3 MAC Layer LightWeight Filter-0000
10:35:20.140 [DEBUG] [org.gradle.messaging.remote.internal.inet.InetAddressFactory] Adding IP addresses for network interface WAN Miniport (IP)-WFP Native MAC Layer LightWeight Filter-0000
10:35:20.145 [DEBUG] [org.gradle.messaging.remote.internal.inet.InetAddressFactory] Is this a loopback interface? false
10:35:20.150 [DEBUG] [org.gradle.messaging.remote.internal.inet.InetAddressFactory] Is this a multicast interface? true
10:35:20.150 [DEBUG] [org.gradle.messaging.remote.internal.inet.InetAddressFactory] Adding loopback multicast interface WAN Miniport (IP)-WFP Native MAC Layer LightWeight Filter-0000
10:35:20.151 [DEBUG] [org.gradle.messaging.remote.internal.inet.InetAddressFactory] Adding IP addresses for network interface WAN Miniport (IP)-QoS Packet Scheduler-0000
10:35:20.156 [DEBUG] [org.gradle.messaging.remote.internal.inet.InetAddressFactory] Is this a loopback interface? false
10:35:20.160 [DEBUG] [org.gradle.messaging.remote.internal.inet.InetAddressFactory] Is this a multicast interface? true
10:35:20.160 [DEBUG] [org.gradle.messaging.remote.internal.inet.InetAddressFactory] Adding loopback multicast interface WAN Miniport (IP)-QoS Packet Scheduler-0000
10:35:20.160 [DEBUG] [org.gradle.messaging.remote.internal.inet.InetAddressFactory] Adding IP addresses for network interface WAN Miniport (IPv6)-WFP Native MAC Layer LightWeight Filter-0000
10:35:20.174 [DEBUG] [org.gradle.messaging.remote.internal.inet.InetAddressFactory] Is this a loopback interface? false
10:35:20.178 [DEBUG] [org.gradle.messaging.remote.internal.inet.InetAddressFactory] Is this a multicast interface? true
10:35:20.179 [DEBUG] [org.gradle.messaging.remote.internal.inet.InetAddressFactory] Adding loopback multicast interface WAN Miniport (IPv6)-WFP Native MAC Layer LightWeight Filter-0000
10:35:20.179 [DEBUG] [org.gradle.messaging.remote.internal.inet.InetAddressFactory] Adding IP addresses for network interface WAN Miniport (IPv6)-QoS Packet Scheduler-0000
10:35:20.183 [DEBUG] [org.gradle.messaging.remote.internal.inet.InetAddressFactory] Is this a loopback interface? false
10:35:20.188 [DEBUG] [org.gradle.messaging.remote.internal.inet.InetAddressFactory] Is this a multicast interface? true
10:35:20.188 [DEBUG] [org.gradle.messaging.remote.internal.inet.InetAddressFactory] Adding loopback multicast interface WAN Miniport (IPv6)-QoS Packet Scheduler-0000
10:35:20.189 [DEBUG] [org.gradle.messaging.remote.internal.inet.InetAddressFactory] Adding IP addresses for network interface WAN Miniport (Network Monitor)-WFP Native MAC Layer LightWeight Filter-0000
10:35:20.194 [DEBUG] [org.gradle.messaging.remote.internal.inet.InetAddressFactory] Is this a loopback interface? false
10:35:20.198 [DEBUG] [org.gradle.messaging.remote.internal.inet.InetAddressFactory] Is this a multicast interface? true
10:35:20.198 [DEBUG] [org.gradle.messaging.remote.internal.inet.InetAddressFactory] Adding loopback multicast interface WAN Miniport (Network Monitor)-WFP Native MAC Layer LightWeight Filter-0000
10:35:20.198 [DEBUG] [org.gradle.messaging.remote.internal.inet.InetAddressFactory] Adding IP addresses for network interface WAN Miniport (Network Monitor)-QoS Packet Scheduler-0000
10:35:20.203 [DEBUG] [org.gradle.messaging.remote.internal.inet.InetAddressFactory] Is this a loopback interface? false
10:35:20.208 [DEBUG] [org.gradle.messaging.remote.internal.inet.InetAddressFactory] Is this a multicast interface? true
10:35:20.208 [DEBUG] [org.gradle.messaging.remote.internal.inet.InetAddressFactory] Adding loopback multicast interface WAN Miniport (Network Monitor)-QoS Packet Scheduler-0000
10:35:20.214 [DEBUG] [org.gradle.messaging.remote.internal.inet.TcpIncomingConnector] Listening on [a052e414-87a4-4ab6-8aae-7936d7fea145 port:51249, addresses:[/127.0.0.1, /0:0:0:0:0:0:0:1]].
10:35:20.218 [DEBUG] [org.gradle.launcher.daemon.server.Daemon] Daemon starting at: Mon Nov 05 10:35:20 EET 2018, with address: [a052e414-87a4-4ab6-8aae-7936d7fea145 port:51249, addresses:[/127.0.0.1, /0:0:0:0:0:0:0:1]]
10:35:20.219 [INFO] [org.gradle.launcher.daemon.server.DomainRegistryUpdater] Advertising the daemon address to the clients: [a052e414-87a4-4ab6-8aae-7936d7fea145 port:51249, addresses:[/127.0.0.1, /0:0:0:0:0:0:0:1]]
10:35:20.219 [DEBUG] [org.gradle.launcher.daemon.server.DomainRegistryUpdater] Advertised daemon context: DefaultDaemonContext[uid=803a422c-afcc-4a6f-bca1-992b70f0a7da,javaHome=D:\Program Files\Android\Android Studio\jre,daemonRegistryDir=C:\Users\prac1\Downloads\SimpleAndroidWebViewExample-master\gradle\daemon,pid=1516,idleTimeout=10800000,daemonOpts=-XX:MaxPermSize=256m,-XX:+HeapDumpOnOutOfMemoryError,-Xmx1024m,-Dfile.encoding=windows-1251,-Duser.country=RU,-Duser.language=ru,-Duser.variant]
10:35:20.220 [DEBUG] [org.gradle.launcher.daemon.registry.PersistentDaemonRegistry] Storing daemon address: [a052e414-87a4-4ab6-8aae-7936d7fea145 port:51249, addresses:[/127.0.0.1, /0:0:0:0:0:0:0:1]], context: DefaultDaemonContext[uid=803a422c-afcc-4a6f-bca1-992b70f0a7da,javaHome=D:\Program Files\Android\Android Studio\jre,daemonRegistryDir=C:\Users\prac1\Downloads\SimpleAndroidWebViewExample-master\gradle\daemon,pid=1516,idleTimeout=10800000,daemonOpts=-XX:MaxPermSize=256m,-XX:+HeapDumpOnOutOfMemoryError,-Xmx1024m,-Dfile.encoding=windows-1251,-Duser.country=RU,-Duser.language=ru,-Duser.variant]
10:35:20.240 [DEBUG] [org.gradle.cache.internal.DefaultFileLockManager] Waiting to acquire exclusive lock on daemon addresses registry.
10:35:20.249 [DEBUG] [org.gradle.cache.internal.DefaultFileLockManager] Lock acquired.
10:35:20.251 [DEBUG] [org.gradle.cache.internal.DefaultFileLockManager] Releasing lock on daemon addresses registry.
10:35:20.261 [DEBUG] [org.gradle.cache.internal.DefaultFileLockManager] Waiting to acquire exclusive lock on daemon addresses registry.
10:35:20.264 [DEBUG] [org.gradle.cache.internal.DefaultFileLockManager] Lock acquired.
10:35:20.295 [DEBUG] [org.gradle.cache.internal.DefaultFileLockManager] Releasing lock on daemon addresses registry.
10:35:20.303 [LIFECYCLE] [org.gradle.launcher.daemon.server.Daemon] Daemon server started.
10:35:20.305 [DEBUG] [org.gradle.launcher.daemon.bootstrap.DaemonStartupCommunication] Completed writing the daemon greeting. Closing streams...
10:35:20.307 [DEBUG] [org.gradle.launcher.daemon.server.Daemon] requestStopOnIdleTimeout(10800000 MILLISECONDS) called on daemon
10:35:20.308 [DEBUG] [org.gradle.launcher.daemon.server.DaemonStateCoordinator] Idle timeout: waiting for daemon to stop or be idle for 10800000ms
10:35:20.309 [DEBUG] [org.gradle.launcher.daemon.server.DaemonStateCoordinator] Daemon is idle, sleeping until state change or idle timeout at Mon Nov 05 13:35:19 EET 2018
10:35:20.332 [DEBUG] [org.gradle.messaging.remote.internal.inet.TcpIncomingConnector] Accepted connection from /127.0.0.1:51250 to /127.0.0.1:51249.
10:35:20.539 [DEBUG] [org.gradle.launcher.daemon.server.SynchronizedDispatchConnection] thread 15: received class org.gradle.launcher.daemon.protocol.Build
10:35:20.539 [DEBUG] [org.gradle.launcher.daemon.server.DefaultDaemonConnection] Received non-IO message from client: Build{id=6e4fe61d-8360-49a5-8e50-243d3429f0a7.1, currentDir=C:\Users\prac1\Downloads\SimpleAndroidWebViewExample-master}
10:35:20.540 [INFO] [org.gradle.launcher.daemon.server.DefaultIncomingConnectionHandler] Received command: Build{id=6e4fe61d-8360-49a5-8e50-243d3429f0a7.1, currentDir=C:\Users\prac1\Downloads\SimpleAndroidWebViewExample-master}.
10:35:20.541 [DEBUG] [org.gradle.launcher.daemon.server.DefaultIncomingConnectionHandler] Starting executing command: Build{id=6e4fe61d-8360-49a5-8e50-243d3429f0a7.1, currentDir=C:\Users\prac1\Downloads\SimpleAndroidWebViewExample-master} with connection: socket connection from /127.0.0.1:51249 to /127.0.0.1:51250.
10:35:20.555 [DEBUG] [org.gradle.launcher.daemon.server.DaemonStateCoordinator] Command execution: started DaemonCommandExecution[command = Build{id=6e4fe61d-8360-49a5-8e50-243d3429f0a7.1, currentDir=C:\Users\prac1\Downloads\SimpleAndroidWebViewExample-master}, connection = org.gradle.launcher.daemon.server.DefaultDaemonConnection@21377f6] after 0.0 minutes of idle
10:35:20.556 [INFO] [org.gradle.launcher.daemon.server.DomainRegistryUpdater] Marking the daemon as busy, address: [a052e414-87a4-4ab6-8aae-7936d7fea145 port:51249, addresses:[/127.0.0.1, /0:0:0:0:0:0:0:1]]
10:35:20.557 [DEBUG] [org.gradle.launcher.daemon.registry.PersistentDaemonRegistry] Marking busy by address: [a052e414-87a4-4ab6-8aae-7936d7fea145 port:51249, addresses:[/127.0.0.1, /0:0:0:0:0:0:0:1]]
10:35:20.559 [DEBUG] [org.gradle.cache.internal.DefaultFileLockManager] Waiting to acquire exclusive lock on daemon addresses registry.
10:35:20.563 [DEBUG] [org.gradle.cache.internal.DefaultFileLockManager] Lock acquired.
10:35:20.574 [DEBUG] [org.gradle.cache.internal.DefaultFileLockManager] Releasing lock on daemon addresses registry.
10:35:20.587 [DEBUG] [org.gradle.launcher.daemon.server.DaemonStateCoordinator] updating lastActivityAt to 1541406920587
10:35:20.588 [DEBUG] [org.gradle.launcher.daemon.server.DaemonStateCoordinator] Daemon is busy, sleeping until state changes.
10:35:20.590 [INFO] [org.gradle.launcher.daemon.server.exec.StartBuildOrRespondWithBusy] Daemon is about to start building Build{id=6e4fe61d-8360-49a5-8e50-243d3429f0a7.1, currentDir=C:\Users\prac1\Downloads\SimpleAndroidWebViewExample-master}. Dispatching build started information...
10:35:20.591 [DEBUG] [org.gradle.launcher.daemon.server.SynchronizedDispatchConnection] thread 17: dispatching class org.gradle.launcher.daemon.protocol.BuildStarted
10:35:20.600 [DEBUG] [org.gradle.launcher.daemon.server.exec.EstablishBuildEnvironment] Configuring env variables: {USERDOMAIN_ROAMINGPROFILE=SOM, LOCALAPPDATA=C:\Users\prac1\AppData\Local, PROCESSOR_LEVEL=6, CHROME_RESTART=Google Chrome|Whoa! Google Chrome has crashed. Relaunch now?|LEFT_TO_RIGHT, USERDOMAIN=SOM, FPS_BROWSER_APP_PROFILE_STRING=Internet Explorer, LOGONSERVER=\\SOM, SESSIONNAME=Console, ALLUSERSPROFILE=C:\ProgramData, PROCESSOR_ARCHITECTURE=AMD64, PSModulePath=C:\Program Files\WindowsPowerShell\Modules;C:\WINDOWS\system32\WindowsPowerShell\v1.0\Modules, SystemDrive=C:, OneDrive=C:\Users\prac1\OneDrive, APPDATA=C:\Users\prac1\AppData\Roaming, MOZ_PLUGIN_PATH=D:\PROGRAM FILES (X86)\FOXIT SOFTWARE\FOXIT READER\plugins\, USERNAME=prac1, ProgramFiles(x86)=C:\Program Files (x86), CHROME_CRASHPAD_PIPE_NAME=\\.\pipe\crashpad_3532_GYAIHTDZQSHWBPKG, CommonProgramFiles=C:\Program Files\Common Files, Path=C:\Users\prac1\AppData\Local\Google\Chrome\Application;C:\Windows\system32;C:\Windows;C:\Windows\System32\Wbem;C:\Windows\System32\WindowsPowerShell\v1.0\;C:\Program Files (x86)\NVIDIA Corporation\PhysX\Common;C:\Program Files\PuTTY\;C:\WINDOWS\system32;C:\WINDOWS;C:\WINDOWS\System32\Wbem;C:\WINDOWS\System32\WindowsPowerShell\v1.0\;C:\WINDOWS\System32\OpenSSH\;C:\Program Files (x86)\Common Files\Seagate\SnapAPI\;C:\Program Files\nodejs\;C:\Users\prac1\AppData\Local\Microsoft\WindowsApps;C:\Users\prac1\AppData\Roaming\npm, FPS_BROWSER_USER_PROFILE_STRING=Default, PATHEXT=.COM;.EXE;.BAT;.CMD;.VBS;.VBE;.JS;.JSE;.WSF;.WSH;.MSC, DriverData=C:\Windows\System32\Drivers\DriverData, OS=Windows_NT, COMPUTERNAME=SOM, PROCESSOR_REVISION=3c03, CommonProgramW6432=C:\Program Files\Common Files, ComSpec=C:\WINDOWS\system32\cmd.exe, ProgramData=C:\ProgramData, ProgramW6432=C:\Program Files, HOMEPATH=\Users\prac1, SystemRoot=C:\WINDOWS, TEMP=C:\Users\prac1\AppData\Local\Temp, HOMEDRIVE=C:, PROCESSOR_IDENTIFIER=Intel64 Family 6 Model 60 Stepping 3, GenuineIntel, USERPROFILE=C:\Users\prac1, TMP=C:\Users\prac1\AppData\Local\Temp, CommonProgramFiles(x86)=C:\Program Files (x86)\Common Files, ProgramFiles=C:\Program Files, PUBLIC=C:\Users\Public, NUMBER_OF_PROCESSORS=4, windir=C:\WINDOWS, =::=::\}
10:35:20.625 [INFO] [org.gradle.launcher.daemon.server.exec.LogToClient] About to start relaying all logs to the client via the connection.
10:35:20.626 [INFO] [org.gradle.launcher.daemon.server.exec.LogToClient] The client will now receive all logging from the daemon (pid: 1516). The daemon log file: C:\Users\prac1\Downloads\SimpleAndroidWebViewExample-master\gradle\daemon\2.2.1\daemon-1516.out.log
10:35:20.635 [DEBUG] [org.gradle.launcher.daemon.server.SynchronizedDispatchConnection] thread 15: received class org.gradle.launcher.daemon.protocol.CloseInput
10:35:20.636 [DEBUG] [org.gradle.launcher.daemon.server.DefaultDaemonConnection] Received IO message from client: CloseInput[id=6e4fe61d-8360-49a5-8e50-243d3429f0a7.2]
10:35:20.638 [INFO] [org.gradle.launcher.daemon.server.exec.ForwardClientInput] Closing daemon's stdin at end of input.
10:35:20.638 [DEBUG] [org.gradle.launcher.daemon.server.exec.ExecuteBuild] The daemon has started executing the build.
10:35:20.638 [INFO] [org.gradle.launcher.daemon.server.exec.ForwardClientInput] The daemon will no longer process any standard input.
10:35:20.639 [INFO] [org.gradle.launcher.daemon.server.exec.ExecuteBuild] Executing build with daemon context: DefaultDaemonContext[uid=803a422c-afcc-4a6f-bca1-992b70f0a7da,javaHome=D:\Program Files\Android\Android Studio\jre,daemonRegistryDir=C:\Users\prac1\Downloads\SimpleAndroidWebViewExample-master\gradle\daemon,pid=1516,idleTimeout=10800000,daemonOpts=-XX:MaxPermSize=256m,-XX:+HeapDumpOnOutOfMemoryError,-Xmx1024m,-Dfile.encoding=windows-1251,-Duser.country=RU,-Duser.language=ru,-Duser.variant]
10:35:21.345 [INFO] [org.gradle.tooling.internal.provider.DefaultPayloadClassLoaderRegistry] Creating ClassLoader 95b0d0e5-8ee9-4336-bcf5-ac041cf06ab7 from [Spec classpath:[file:/D:/Program%20Files/Android/Android%20Studio/plugins/gradle/lib/gradle-api-4.4.jar, file:/D:/Program%20Files/Android/Android%20Studio/plugins/gradle/lib/gradle-api-impldep-4.4.jar, file:/D:/Program%20Files/Android/Android%20Studio/plugins/gradle/lib/gradle-tooling-extension-api.jar, file:/D:/Program%20Files/Android/Android%20Studio/lib/external-system-rt.jar, file:/D:/Program%20Files/Android/Android%20Studio/plugins/Kotlin/lib/kotlin-gradle-tooling.jar, file:/D:/Program%20Files/Android/Android%20Studio/plugins/android/lib/sdk-tools.jar, file:/D:/Program%20Files/Android/Android%20Studio/plugins/google-cloud-tools-as/lib/gradle-appengine-builder-model-0.1.0.jar, file:/D:/Program%20Files/Android/Android%20Studio/plugins/Kotlin/lib/android-extensions-ide.jar, file:/D:/Program%20Files/Android/Android%20Studio/plugins/Kotlin/lib/kapt3-idea.jar, file:/D:/Program%20Files/Android/Android%20Studio/plugins/Kotlin/lib/allopen-ide-plugin.jar, file:/D:/Program%20Files/Android/Android%20Studio/plugins/Kotlin/lib/kotlin-plugin.jar, file:/D:/Program%20Files/Android/Android%20Studio/plugins/Kotlin/lib/kotlin-stdlib.jar, file:/D:/Program%20Files/Android/Android%20Studio/lib/kotlin-runtime.jar, file:/D:/Program%20Files/Android/Android%20Studio/plugins/Kotlin/lib/noarg-ide-plugin.jar, file:/D:/Program%20Files/Android/Android%20Studio/plugins/Kotlin/lib/sam-with-receiver-ide-plugin.jar]] and [org.gradle.internal.classloader.FilteringClassLoader@f106b21].
10:35:21.353 [DEBUG] [org.gradle.cache.internal.DefaultFileLockManager] Waiting to acquire exclusive lock on jars (C:\Users\prac1\Downloads\SimpleAndroidWebViewExample-master\gradle\caches\jars-1).
10:35:21.356 [DEBUG] [org.gradle.cache.internal.DefaultFileLockManager] Lock acquired.
10:35:21.357 [DEBUG] [org.gradle.cache.internal.DefaultPersistentDirectoryCache] Invalidating org.gradle.cache.internal.DefaultPersistentDirectoryCache$Initializer@9df52ef as it was not closed cleanly.
10:35:21.369 [DEBUG] [org.gradle.cache.internal.locklistener.DefaultFileLockContentionHandler] Starting file lock listener thread.
Download https://jcenter.bintray.com/com/android/tools/build/gradle/2.3.2/gradle-2.3.2.pom
Download https://jcenter.bintray.com/com/android/tools/build/gradle-core/2.3.2/gradle-core-2.3.2.pom
Download https://jcenter.bintray.com/com/android/tools/build/builder/2.3.2/builder-2.3.2.pom
Download https://jcenter.bintray.com/com/android/tools/lint/lint/25.3.2/lint-25.3.2.pom
Download https://jcenter.bintray.com/com/android/tools/build/transform-api/2.0.0-deprecated-use-gradle-api/transform-api-2.0.0-deprecated-use-gradle-api.pom
Download https://jcenter.bintray.com/com/android/tools/build/gradle-api/2.3.2/gradle-api-2.3.2.pom
Download https://jcenter.bintray.com/com/android/databinding/compilerCommon/2.3.2/compilerCommon-2.3.2.pom
Download https://jcenter.bintray.com/org/ow2/asm/asm/5.0.4/asm-5.0.4.pom
Download https://jcenter.bintray.com/org/ow2/asm/asm-parent/5.0.4/asm-parent-5.0.4.pom
Download https://jcenter.bintray.com/org/ow2/ow2/1.3/ow2-1.3.pom
Download https://jcenter.bintray.com/org/ow2/asm/asm-commons/5.0.4/asm-commons-5.0.4.pom
Download https://jcenter.bintray.com/net/sf/proguard/proguard-gradle/5.3.2/proguard-gradle-5.3.2.pom
Download https://jcenter.bintray.com/net/sf/proguard/proguard-parent/5.3.2/proguard-parent-5.3.2.pom
Download https://jcenter.bintray.com/org/jacoco/org.jacoco.core/0.7.5.201505241946/org.jacoco.core-0.7.5.201505241946.pom
Download https://jcenter.bintray.com/org/jacoco/org.jacoco.build/0.7.5.201505241946/org.jacoco.build-0.7.5.201505241946.pom
Download https://jcenter.bintray.com/org/jacoco/org.jacoco.report/0.7.5.201505241946/org.jacoco.report-0.7.5.201505241946.pom
Download https://jcenter.bintray.com/net/sf/jopt-simple/jopt-simple/4.9/jopt-simple-4.9.pom
Download https://jcenter.bintray.com/org/sonatype/oss/oss-parent/7/oss-parent-7.pom
Download https://jcenter.bintray.com/com/google/protobuf/protobuf-java/3.0.0/protobuf-java-3.0.0.pom
Download https://jcenter.bintray.com/com/google/protobuf/protobuf-parent/3.0.0/protobuf-parent-3.0.0.pom
Download https://jcenter.bintray.com/com/google/google/1/google-1.pom
Download https://jcenter.bintray.com/org/antlr/antlr/3.5.2/antlr-3.5.2.pom
Download https://jcenter.bintray.com/org/antlr/antlr-master/3.5.2/antlr-master-3.5.2.pom
Download https://jcenter.bintray.com/org/sonatype/oss/oss-parent/9/oss-parent-9.pom
Download https://jcenter.bintray.com/com/android/tools/build/builder-model/2.3.2/builder-model-2.3.2.pom
Download https://jcenter.bintray.com/com/android/tools/build/builder-test-api/2.3.2/builder-test-api-2.3.2.pom
Download https://jcenter.bintray.com/com/android/tools/sdklib/25.3.2/sdklib-25.3.2.pom
Download https://jcenter.bintray.com/com/android/tools/sdk-common/25.3.2/sdk-common-25.3.2.pom
Download https://jcenter.bintray.com/com/android/tools/common/25.3.2/common-25.3.2.pom
Download https://jcenter.bintray.com/com/android/tools/build/manifest-merger/25.3.2/manifest-merger-25.3.2.pom
Download https://jcenter.bintray.com/com/android/tools/ddms/ddmlib/25.3.2/ddmlib-25.3.2.pom
Download https://jcenter.bintray.com/com/android/tools/jack/jack-api/0.13.0/jack-api-0.13.0.pom
Download https://jcenter.bintray.com/com/android/tools/jill/jill-api/0.10.0/jill-api-0.10.0.pom
Download https://jcenter.bintray.com/com/android/tools/analytics-library/protos/25.3.2/protos-25.3.2.pom
Download https://jcenter.bintray.com/com/android/tools/analytics-library/shared/25.3.2/shared-25.3.2.pom
Download https://jcenter.bintray.com/com/android/tools/analytics-library/tracker/25.3.2/tracker-25.3.2.pom
Download https://jcenter.bintray.com/com/squareup/javawriter/2.5.0/javawriter-2.5.0.pom
Download https://jcenter.bintray.com/org/bouncycastle/bcpkix-jdk15on/1.48/bcpkix-jdk15on-1.48.pom
Download https://jcenter.bintray.com/org/bouncycastle/bcprov-jdk15on/1.48/bcprov-jdk15on-1.48.pom
Download https://jcenter.bintray.com/org/ow2/asm/asm-tree/5.0.4/asm-tree-5.0.4.pom
Download https://jcenter.bintray.com/com/android/tools/lint/lint-checks/25.3.2/lint-checks-25.3.2.pom
Download https://jcenter.bintray.com/org/eclipse/jdt/core/compiler/ecj/4.6.1/ecj-4.6.1.pom
Download https://jcenter.bintray.com/com/google/guava/guava/18.0/guava-18.0.pom
Download https://jcenter.bintray.com/com/google/guava/guava-parent/18.0/guava-parent-18.0.pom
Download https://jcenter.bintray.com/com/android/databinding/baseLibrary/2.3.2/baseLibrary-2.3.2.pom
Download https://jcenter.bintray.com/org/antlr/antlr4/4.5.3/antlr4-4.5.3.pom
Download https://jcenter.bintray.com/org/antlr/antlr4-master/4.5.3/antlr4-master-4.5.3.pom
Download https://jcenter.bintray.com/commons-io/commons-io/2.4/commons-io-2.4.pom
Download https://jcenter.bintray.com/org/apache/commons/commons-parent/25/commons-parent-25.pom
Download https://jcenter.bintray.com/org/apache/apache/9/apache-9.pom
Download https://jcenter.bintray.com/com/googlecode/juniversalchardet/juniversalchardet/1.0.3/juniversalchardet-1.0.3.pom
Download https://jcenter.bintray.com/com/android/tools/annotations/24.5.0/annotations-24.5.0.pom
Download https://jcenter.bintray.com/net/sf/proguard/proguard-base/5.3.2/proguard-base-5.3.2.pom
Download https://jcenter.bintray.com/org/ow2/asm/asm-debug-all/5.0.1/asm-debug-all-5.0.1.pom
Download https://jcenter.bintray.com/org/ow2/asm/asm-parent/5.0.1/asm-parent-5.0.1.pom
Download https://jcenter.bintray.com/org/antlr/antlr-runtime/3.5.2/antlr-runtime-3.5.2.pom
Download https://jcenter.bintray.com/org/antlr/ST4/4.0.8/ST4-4.0.8.pom
Download https://jcenter.bintray.com/com/android/tools/layoutlib/layoutlib-api/25.3.2/layoutlib-api-25.3.2.pom
Download https://jcenter.bintray.com/com/android/tools/dvlib/25.3.2/dvlib-25.3.2.pom
Download https://jcenter.bintray.com/com/android/tools/repository/25.3.2/repository-25.3.2.pom
Download https://jcenter.bintray.com/com/google/code/gson/gson/2.2.4/gson-2.2.4.pom
Download https://jcenter.bintray.com/org/apache/commons/commons-compress/1.8.1/commons-compress-1.8.1.pom
Download https://jcenter.bintray.com/org/apache/commons/commons-parent/33/commons-parent-33.pom
Download https://jcenter.bintray.com/org/apache/apache/13/apache-13.pom
Download https://jcenter.bintray.com/org/apache/httpcomponents/httpclient/4.1.1/httpclient-4.1.1.pom
Download https://jcenter.bintray.com/org/apache/httpcomponents/httpcomponents-client/4.1.1/httpcomponents-client-4.1.1.pom
Download https://jcenter.bintray.com/org/apache/httpcomponents/project/4.1.1/project-4.1.1.pom
Download https://jcenter.bintray.com/org/apache/httpcomponents/httpmime/4.1/httpmime-4.1.pom
Download https://jcenter.bintray.com/org/apache/httpcomponents/httpcomponents-client/4.1/httpcomponents-client-4.1.pom
Download https://jcenter.bintray.com/net/sf/kxml/kxml2/2.3.0/kxml2-2.3.0.pom
Download https://jcenter.bintray.com/com/android/tools/lint/lint-api/25.3.2/lint-api-25.3.2.pom
Download https://jcenter.bintray.com/org/ow2/asm/asm-analysis/5.0.4/asm-analysis-5.0.4.pom
Download https://jcenter.bintray.com/com/intellij/annotations/12.0/annotations-12.0.pom
Download https://jcenter.bintray.com/com/google/jimfs/jimfs/1.1/jimfs-1.1.pom
Download https://jcenter.bintray.com/com/google/jimfs/jimfs-parent/1.1/jimfs-parent-1.1.pom
Download https://jcenter.bintray.com/org/apache/httpcomponents/httpcore/4.1/httpcore-4.1.pom
Download https://jcenter.bintray.com/org/apache/httpcomponents/httpcomponents-core/4.1/httpcomponents-core-4.1.pom
Download https://jcenter.bintray.com/commons-logging/commons-logging/1.1.1/commons-logging-1.1.1.pom
Download https://jcenter.bintray.com/org/apache/commons/commons-parent/5/commons-parent-5.pom
Download https://jcenter.bintray.com/org/apache/apache/4/apache-4.pom
Download https://jcenter.bintray.com/commons-codec/commons-codec/1.4/commons-codec-1.4.pom
Download https://jcenter.bintray.com/org/apache/commons/commons-parent/11/commons-parent-11.pom
Download https://jcenter.bintray.com/com/android/tools/external/com-intellij/uast/162.2228.14/uast-162.2228.14.pom
Download https://jcenter.bintray.com/com/android/tools/external/lombok/lombok-ast/0.2.3/lombok-ast-0.2.3.pom
Download https://jcenter.bintray.com/com/android/tools/annotations/25.3.2/annotations-25.3.2.pom
Download https://jcenter.bintray.com/com/android/tools/build/gradle/2.3.2/gradle-2.3.2.jar
Download https://jcenter.bintray.com/com/android/tools/build/gradle-core/2.3.2/gradle-core-2.3.2.jar
Download https://jcenter.bintray.com/com/android/tools/build/builder/2.3.2/builder-2.3.2.jar
Download https://jcenter.bintray.com/com/android/tools/lint/lint/25.3.2/lint-25.3.2.jar
Download https://jcenter.bintray.com/com/android/tools/build/transform-api/2.0.0-deprecated-use-gradle-api/transform-api-2.0.0-deprecated-use-gradle-api.jar
Download https://jcenter.bintray.com/com/android/tools/build/gradle-api/2.3.2/gradle-api-2.3.2.jar
Download https://jcenter.bintray.com/com/android/databinding/compilerCommon/2.3.2/compilerCommon-2.3.2.jar
Download https://jcenter.bintray.com/org/ow2/asm/asm/5.0.4/asm-5.0.4.jar
Download https://jcenter.bintray.com/org/ow2/asm/asm-commons/5.0.4/asm-commons-5.0.4.jar
Download https://jcenter.bintray.com/net/sf/proguard/proguard-gradle/5.3.2/proguard-gradle-5.3.2.jar
Download https://jcenter.bintray.com/org/jacoco/org.jacoco.core/0.7.5.201505241946/org.jacoco.core-0.7.5.201505241946.jar
Download https://jcenter.bintray.com/org/jacoco/org.jacoco.report/0.7.5.201505241946/org.jacoco.report-0.7.5.201505241946.jar
Download https://jcenter.bintray.com/net/sf/jopt-simple/jopt-simple/4.9/jopt-simple-4.9.jar
Download https://jcenter.bintray.com/com/google/protobuf/protobuf-java/3.0.0/protobuf-java-3.0.0.jar
Download https://jcenter.bintray.com/org/antlr/antlr/3.5.2/antlr-3.5.2.jar
Download https://jcenter.bintray.com/com/android/tools/build/builder-model/2.3.2/builder-model-2.3.2.jar
Download https://jcenter.bintray.com/com/android/tools/build/builder-test-api/2.3.2/builder-test-api-2.3.2.jar
Download https://jcenter.bintray.com/com/android/tools/sdklib/25.3.2/sdklib-25.3.2.jar
Download https://jcenter.bintray.com/com/android/tools/sdk-common/25.3.2/sdk-common-25.3.2.jar
Download https://jcenter.bintray.com/com/android/tools/common/25.3.2/common-25.3.2.jar
Download https://jcenter.bintray.com/com/android/tools/build/manifest-merger/25.3.2/manifest-merger-25.3.2.jar
Download https://jcenter.bintray.com/com/android/tools/ddms/ddmlib/25.3.2/ddmlib-25.3.2.jar
Download https://jcenter.bintray.com/com/android/tools/jack/jack-api/0.13.0/jack-api-0.13.0.jar
Download https://jcenter.bintray.com/com/android/tools/jill/jill-api/0.10.0/jill-api-0.10.0.jar
Download https://jcenter.bintray.com/com/android/tools/analytics-library/protos/25.3.2/protos-25.3.2.jar
Download https://jcenter.bintray.com/com/android/tools/analytics-library/shared/25.3.2/shared-25.3.2.jar
Download https://jcenter.bintray.com/com/android/tools/analytics-library/tracker/25.3.2/tracker-25.3.2.jar
Download https://jcenter.bintray.com/com/squareup/javawriter/2.5.0/javawriter-2.5.0.jar
Download https://jcenter.bintray.com/org/bouncycastle/bcpkix-jdk15on/1.48/bcpkix-jdk15on-1.48.jar
Download https://jcenter.bintray.com/org/bouncycastle/bcprov-jdk15on/1.48/bcprov-jdk15on-1.48.jar
Download https://jcenter.bintray.com/org/ow2/asm/asm-tree/5.0.4/asm-tree-5.0.4.jar
Download https://jcenter.bintray.com/com/android/tools/lint/lint-checks/25.3.2/lint-checks-25.3.2.jar
Download https://jcenter.bintray.com/org/eclipse/jdt/core/compiler/ecj/4.6.1/ecj-4.6.1.jar
Download https://jcenter.bintray.com/com/google/guava/guava/18.0/guava-18.0.jar
Download https://jcenter.bintray.com/com/android/databinding/baseLibrary/2.3.2/baseLibrary-2.3.2.jar
Download https://jcenter.bintray.com/org/antlr/antlr4/4.5.3/antlr4-4.5.3.jar
Download https://jcenter.bintray.com/commons-io/commons-io/2.4/commons-io-2.4.jar
Download https://jcenter.bintray.com/com/googlecode/juniversalchardet/juniversalchardet/1.0.3/juniversalchardet-1.0.3.jar
Download https://jcenter.bintray.com/net/sf/proguard/proguard-base/5.3.2/proguard-base-5.3.2.jar
Download https://jcenter.bintray.com/org/ow2/asm/asm-debug-all/5.0.1/asm-debug-all-5.0.1.jar
Download https://jcenter.bintray.com/org/antlr/antlr-runtime/3.5.2/antlr-runtime-3.5.2.jar
Download https://jcenter.bintray.com/org/antlr/ST4/4.0.8/ST4-4.0.8.jar
Download https://jcenter.bintray.com/com/android/tools/layoutlib/layoutlib-api/25.3.2/layoutlib-api-25.3.2.jar
Download https://jcenter.bintray.com/com/android/tools/dvlib/25.3.2/dvlib-25.3.2.jar
Download https://jcenter.bintray.com/com/android/tools/repository/25.3.2/repository-25.3.2.jar
Download https://jcenter.bintray.com/com/google/code/gson/gson/2.2.4/gson-2.2.4.jar
Download https://jcenter.bintray.com/org/apache/commons/commons-compress/1.8.1/commons-compress-1.8.1.jar
Download https://jcenter.bintray.com/org/apache/httpcomponents/httpclient/4.1.1/httpclient-4.1.1.jar
Download https://jcenter.bintray.com/org/apache/httpcomponents/httpmime/4.1/httpmime-4.1.jar
Download https://jcenter.bintray.com/net/sf/kxml/kxml2/2.3.0/kxml2-2.3.0.jar
Download https://jcenter.bintray.com/com/android/tools/lint/lint-api/25.3.2/lint-api-25.3.2.jar
Download https://jcenter.bintray.com/org/ow2/asm/asm-analysis/5.0.4/asm-analysis-5.0.4.jar
Download https://jcenter.bintray.com/com/intellij/annotations/12.0/annotations-12.0.jar
Download https://jcenter.bintray.com/com/google/jimfs/jimfs/1.1/jimfs-1.1.jar
Download https://jcenter.bintray.com/org/apache/httpcomponents/httpcore/4.1/httpcore-4.1.jar
Download https://jcenter.bintray.com/commons-logging/commons-logging/1.1.1/commons-logging-1.1.1.jar
Download https://jcenter.bintray.com/commons-codec/commons-codec/1.4/commons-codec-1.4.jar
Download https://jcenter.bintray.com/com/android/tools/external/com-intellij/uast/162.2228.14/uast-162.2228.14.jar
Download https://jcenter.bintray.com/com/android/tools/external/lombok/lombok-ast/0.2.3/lombok-ast-0.2.3.jar
Download https://jcenter.bintray.com/com/android/tools/annotations/25.3.2/annotations-25.3.2.jar

FAILURE: Build failed with an exception.

* Where:
Build file 'C:\Users\prac1\Downloads\SimpleAndroidWebViewExample-master\app\build.gradle' line: 1

* What went wrong:
A problem occurred evaluating project ':app'.
> Failed to apply plugin [id 'com.android.application']
   > Minimum supported Gradle version is 3.3. Current version is 2.2.1. If using the gradle wrapper, try editing the distributionUrl in C:\Users\prac1\Downloads\SimpleAndroidWebViewExample-master\gradle\wrapper\gradle-wrapper.properties to gradle-3.3-all.zip

* Try:
Run with --stacktrace option to get the stack trace. Run with --info or --debug option to get more log output.

BUILD FAILED

Total time: 1 mins 10.161 secs
10:36:21.611 [DEBUG] [org.gradle.cache.internal.DefaultFileLockManager] Releasing lock on initscript class cache for initialization script 'C:\Users\prac1\AppData\Local\Temp\ijinit.gradle' (C:\Users\prac1\Downloads\SimpleAndroidWebViewExample-master\gradle\caches\2.2.1\scripts\ijinit_5e33cw43wby6pgukcv4wop5aw\InitScript\initscript).
10:36:21.612 [DEBUG] [org.gradle.cache.internal.DefaultFileLockManager] Releasing lock on no_initscript class cache for initialization script 'C:\Users\prac1\AppData\Local\Temp\ijinit.gradle' (C:\Users\prac1\Downloads\SimpleAndroidWebViewExample-master\gradle\caches\2.2.1\scripts\ijinit_5e33cw43wby6pgukcv4wop5aw\InitScript\no_initscript).
10:36:21.613 [DEBUG] [org.gradle.cache.internal.DefaultFileLockManager] Releasing lock on buildscript class cache for settings file 'C:\Users\prac1\Downloads\SimpleAndroidWebViewExample-master\settings.gradle' (C:\Users\prac1\Downloads\SimpleAndroidWebViewExample-master\gradle\caches\2.2.1\scripts\settings_114lmeovkmfaxhwgvc2cuw9um\SettingsScript\buildscript).
10:36:21.614 [DEBUG] [org.gradle.cache.internal.DefaultFileLockManager] Releasing lock on no_buildscript class cache for settings file 'C:\Users\prac1\Downloads\SimpleAndroidWebViewExample-master\settings.gradle' (C:\Users\prac1\Downloads\SimpleAndroidWebViewExample-master\gradle\caches\2.2.1\scripts\settings_114lmeovkmfaxhwgvc2cuw9um\SettingsScript\no_buildscript).
10:36:21.615 [DEBUG] [org.gradle.cache.internal.DefaultFileLockManager] Releasing lock on buildscript class cache for build file 'C:\Users\prac1\Downloads\SimpleAndroidWebViewExample-master\build.gradle' (C:\Users\prac1\Downloads\SimpleAndroidWebViewExample-master\gradle\caches\2.2.1\scripts\build_2no5ve4uymmt74uzx8mdyvt76\ProjectScript\buildscript).
10:36:21.615 [DEBUG] [org.gradle.cache.internal.DefaultFileLockManager] Releasing lock on no_buildscript class cache for build file 'C:\Users\prac1\Downloads\SimpleAndroidWebViewExample-master\build.gradle' (C:\Users\prac1\Downloads\SimpleAndroidWebViewExample-master\gradle\caches\2.2.1\scripts\build_2no5ve4uymmt74uzx8mdyvt76\ProjectScript\no_buildscript).
10:36:21.617 [DEBUG] [org.gradle.cache.internal.DefaultFileLockManager] Releasing lock on buildscript class cache for build file 'C:\Users\prac1\Downloads\SimpleAndroidWebViewExample-master\app\build.gradle' (C:\Users\prac1\Downloads\SimpleAndroidWebViewExample-master\gradle\caches\2.2.1\scripts\build_cq1d0but0e9gpzhd1s4k2bgy\ProjectScript\buildscript).
10:36:21.624 [DEBUG] [org.gradle.cache.internal.DefaultFileLockManager] Releasing lock on no_buildscript class cache for build file 'C:\Users\prac1\Downloads\SimpleAndroidWebViewExample-master\app\build.gradle' (C:\Users\prac1\Downloads\SimpleAndroidWebViewExample-master\gradle\caches\2.2.1\scripts\build_cq1d0but0e9gpzhd1s4k2bgy\ProjectScript\no_buildscript).
10:36:21.626 [DEBUG] [org.gradle.cache.internal.DefaultCacheAccess] Cache Plugin Resolution Cache (C:\Users\prac1\Downloads\SimpleAndroidWebViewExample-master\gradle\caches\2.2.1\plugin-resolution) was closed 0 times.
10:36:21.627 [DEBUG] [org.gradle.cache.internal.DefaultFileLockManager] Releasing lock on jars (C:\Users\prac1\Downloads\SimpleAndroidWebViewExample-master\gradle\caches\jars-1).
10:36:21.644 [DEBUG] [org.gradle.cache.internal.btree.BTreePersistentIndexedCache] Closing cache module-metadata.bin (C:\Users\prac1\Downloads\SimpleAndroidWebViewExample-master\gradle\caches\modules-2\metadata-2.14\module-metadata.bin)
10:36:21.654 [DEBUG] [org.gradle.cache.internal.btree.BTreePersistentIndexedCache] Closing cache artifact-at-repository.bin (C:\Users\prac1\Downloads\SimpleAndroidWebViewExample-master\gradle\caches\modules-2\metadata-2.14\artifact-at-repository.bin)
10:36:21.662 [DEBUG] [org.gradle.cache.internal.btree.BTreePersistentIndexedCache] Closing cache artifact-at-url.bin (C:\Users\prac1\Downloads\SimpleAndroidWebViewExample-master\gradle\caches\modules-2\metadata-2.14\artifact-at-url.bin)
10:36:21.673 [DEBUG] [org.gradle.cache.internal.DefaultFileLockManager] Releasing lock on artifact cache (C:\Users\prac1\Downloads\SimpleAndroidWebViewExample-master\gradle\caches\modules-2).
10:36:21.684 [DEBUG] [org.gradle.api.internal.artifacts.ivyservice.ivyresolve.memcache.InMemoryCachedRepositoryFactory] In-memory dependency metadata cache closed. Repos cached: 1, cache instances: 1, modules served from cache: 22, artifacts: 22
10:36:21.692 [DEBUG] [org.gradle.api.internal.artifacts.ivyservice.resolveengine.store.CachedStoreFactory] Resolution result cache closed. Cache reads: 0, disk reads: 0 (avg: 0.0 secs, total: 0.0 secs)
10:36:21.699 [DEBUG] [org.gradle.api.internal.artifacts.ivyservice.resolveengine.store.CachedStoreFactory] Resolved configuration cache closed. Cache reads: 0, disk reads: 0 (avg: 0.0 secs, total: 0.0 secs)
10:36:21.700 [DEBUG] [org.gradle.api.internal.artifacts.ivyservice.resolveengine.store.ResolutionResultsStoreFactory] Deleted 2 resolution results binary files in 0.015 secs
10:36:21.943 [DEBUG] [org.gradle.launcher.daemon.server.exec.ExecuteBuild] The daemon has finished executing the build.
10:36:22.219 [DEBUG] [org.gradle.launcher.daemon.server.DaemonStateCoordinator] Daemon is busy, sleeping until state changes.
10:36:22.220 [DEBUG] [org.apache.http.impl.conn.PoolingClientConnectionManager] Connection manager is shutting down
10:36:22.220 [DEBUG] [org.gradle.launcher.daemon.server.DaemonStateCoordinator] Command execution: finished waiting for DaemonCommandExecution[command = Build{id=6e4fe61d-8360-49a5-8e50-243d3429f0a7.1, currentDir=C:\Users\prac1\Downloads\SimpleAndroidWebViewExample-master}, connection = org.gradle.launcher.daemon.server.DefaultDaemonConnection@21377f6]. Result org.gradle.launcher.daemon.server.DaemonStateCoordinator@19ada883 with state Running
10:36:22.221 [DEBUG] [org.apache.http.impl.conn.DefaultClientConnection] Connection 0.0.0.0:51265<->5.153.35.248:443 closed
10:36:22.221 [DEBUG] [org.gradle.launcher.daemon.server.DaemonStateCoordinator] Command execution: completed DaemonCommandExecution[command = Build{id=6e4fe61d-8360-49a5-8e50-243d3429f0a7.1, currentDir=C:\Users\prac1\Downloads\SimpleAndroidWebViewExample-master}, connection = org.gradle.launcher.daemon.server.DefaultDaemonConnection@21377f6]
10:36:22.221 [DEBUG] [org.apache.http.impl.conn.DefaultClientConnection] Connection 0.0.0.0:51264<->52.84.197.191:443 closed
10:36:22.222 [DEBUG] [org.gradle.launcher.daemon.server.DaemonStateCoordinator] updating lastActivityAt to 1541406982222
10:36:22.222 [DEBUG] [org.apache.http.impl.conn.DefaultClientConnection] Connection 0.0.0.0:51265<->5.153.35.248:443 closed
10:36:22.223 [INFO] [org.gradle.launcher.daemon.server.DomainRegistryUpdater] Marking the daemon as idle, address: [a052e414-87a4-4ab6-8aae-7936d7fea145 port:51249, addresses:[/127.0.0.1, /0:0:0:0:0:0:0:1]]
10:36:22.223 [DEBUG] [org.apache.http.impl.conn.DefaultClientConnection] Connection 0.0.0.0:51264<->52.84.197.191:443 closed
10:36:22.223 [DEBUG] [org.gradle.launcher.daemon.registry.PersistentDaemonRegistry] Marking idle by address: [a052e414-87a4-4ab6-8aae-7936d7fea145 port:51249, addresses:[/127.0.0.1, /0:0:0:0:0:0:0:1]]
10:36:22.224 [DEBUG] [org.apache.http.impl.conn.PoolingClientConnectionManager] Connection manager shut down
10:36:22.227 [DEBUG] [org.gradle.cache.internal.DefaultFileLockManager] Waiting to acquire exclusive lock on daemon addresses registry.
10:36:22.237 [DEBUG] [org.gradle.cache.internal.DefaultFileLockManager] Lock acquired.
10:36:22.257 [DEBUG] [org.gradle.cache.internal.DefaultFileLockManager] Releasing lock on daemon addresses registry.
10:36:22.268 [DEBUG] [org.gradle.launcher.daemon.server.DaemonStateCoordinator] Daemon is idle, sleeping until state change or idle timeout at Mon Nov 05 13:36:22 EET 2018
10:36:22.269 [DEBUG] [org.gradle.launcher.daemon.server.exec.ReturnResult] Daemon is dispatching the build result: DaemonCommandResult[type=CommandFailure, value=org.gradle.launcher.exec.ReportedException: org.gradle.internal.exceptions.LocationAwareException: Build file 'C:\Users\prac1\Downloads\SimpleAndroidWebViewExample-master\app\build.gradle' line: 1
A problem occurred evaluating project ':app'.]
10:36:22.270 [DEBUG] [org.gradle.launcher.daemon.server.SynchronizedDispatchConnection] thread 14: dispatching class org.gradle.launcher.daemon.protocol.CommandFailure
10:36:22.311 [DEBUG] [org.gradle.launcher.daemon.server.DefaultIncomingConnectionHandler] Finishing executing command: Build{id=6e4fe61d-8360-49a5-8e50-243d3429f0a7.1, currentDir=C:\Users\prac1\Downloads\SimpleAndroidWebViewExample-master}
10:36:22.343 [DEBUG] [org.gradle.launcher.daemon.server.SynchronizedDispatchConnection] thread 15: received class org.gradle.launcher.daemon.protocol.Finished
10:36:22.344 [DEBUG] [org.gradle.launcher.daemon.server.DefaultDaemonConnection] Received non-IO message from client: org.gradle.launcher.daemon.protocol.Finished@72f4acb4
10:36:22.344 [DEBUG] [org.gradle.launcher.daemon.server.SynchronizedDispatchConnection] thread 15: received null
10:36:22.344 [DEBUG] [org.gradle.launcher.daemon.server.DefaultDaemonConnection] Received end-of-input from client.
10:36:22.349 [DEBUG] [org.gradle.launcher.daemon.server.DefaultIncomingConnectionHandler] Received finished message: null
10:36:22.396 [DEBUG] [org.gradle.launcher.daemon.server.SynchronizedDispatchConnection] thread 14: stopping connection
10:36:22.537 [DEBUG] [org.gradle.launcher.daemon.server.SynchronizedDispatchConnection] thread 14: stopping connection
